[debug] [2021-07-21T16:59:20.397Z] ----------------------------------------------------------------------
[debug] [2021-07-21T16:59:20.401Z] Command:       /usr/local/lib/node_modules/node/lib/node_modules/node/bin/node /usr/local/bin/firebase deploy --only functions:login
[debug] [2021-07-21T16:59:20.401Z] CLI Version:   7.15.1
[debug] [2021-07-21T16:59:20.401Z] Platform:      darwin
[debug] [2021-07-21T16:59:20.401Z] Node Version:  v10.15.3
[debug] [2021-07-21T16:59:20.403Z] Time:          Wed Jul 21 2021 18:59:20 GMT+0200 (Central European Summer Time)
[debug] [2021-07-21T16:59:20.403Z] ----------------------------------------------------------------------
[debug] [2021-07-21T16:59:20.403Z] 
[debug] [2021-07-21T16:59:20.440Z] > command requires scopes: ["email","openid","https://www.googleapis.com/auth/cloudplatformprojects.readonly","https://www.googleapis.com/auth/firebase","https://www.googleapis.com/auth/cloud-platform"]
[debug] [2021-07-21T16:59:20.441Z] > authorizing via signed-in user
[debug] [2021-07-21T16:59:20.441Z] [iam] checking project asamblea-27a8d for permissions ["cloudfunctions.functions.create","cloudfunctions.functions.delete","cloudfunctions.functions.get","cloudfunctions.functions.list","cloudfunctions.functions.update","cloudfunctions.operations.get","firebase.projects.get"]
[debug] [2021-07-21T16:59:20.444Z] > refreshing access token with scopes: ["email","https://www.googleapis.com/auth/cloud-platform","https://www.googleapis.com/auth/cloudplatformprojects.readonly","https://www.googleapis.com/auth/firebase","openid"]
[debug] [2021-07-21T16:59:20.445Z] >>> HTTP REQUEST POST https://www.googleapis.com/oauth2/v3/token  
 <request body omitted>
[debug] [2021-07-21T16:59:20.696Z] <<< HTTP RESPONSE 200
[debug] [2021-07-21T16:59:20.730Z] >>> HTTP REQUEST POST https://cloudresourcemanager.googleapis.com/v1/projects/asamblea-27a8d:testIamPermissions  

[debug] [2021-07-21T16:59:21.534Z] <<< HTTP RESPONSE 200
[info] 
[info] === Deploying to 'asamblea-27a8d'...
[info] 
[info] i  deploying functions
[info] Running command: npm --prefix "$RESOURCE_DIR" run build
